<?xml version="1.0" encoding="UTF-8" ?>
<testsuite 
errors="0" failures="0" hostname="Taners-MacBook-Pro.local" name="net.fnothaft.gnocchi.cli.RegressPhenotypesSuite" tests="7" time="33.587" timestamp="2016-10-18T14:35:04">
  <properties>
    <property name="java.runtime.name" value="Java(TM) SE Runtime Environment">
    </property>
    <property 
    name="sun.boot.library.path" value="/Library/Java/JavaVirtualMachines/jdk1.8.0_91.jdk/Contents/Home/jre/lib">
</property>
    <property name="java.vm.version" value="25.91-b14"> </property>
    <property name="gopherProxySet" value="false"> </property>
    <property name="java.vm.vendor" value="Oracle Corporation"> </property>
    <property name="java.vendor.url" value="http://java.oracle.com/">
    </property>
    <property name="path.separator" value=":"> </property>
    <property name="java.vm.name" value="Java HotSpot(TM) 64-Bit Server VM">
    </property>
    <property name="file.encoding.pkg" value="sun.io"> </property>
    <property name="user.country" value="US"> </property>
    <property name="sun.java.launcher" value="SUN_STANDARD"> </property>
    <property name="sun.os.patch.level" value="unknown"> </property>
    <property 
    name="java.vm.specification.name" value="Java Virtual Machine Specification">
</property>
    <property 
    name="user.dir" value="/Users/Taner/Desktop/Unite/gnocchi/gnocchi-cli">
</property>
    <property name="java.runtime.version" value="1.8.0_91-b14"> </property>
    <property name="java.awt.graphicsenv" value="sun.awt.CGraphicsEnvironment">
    </property>
    <property 
    name="basedir" value="/Users/Taner/Desktop/Unite/gnocchi/gnocchi-cli">
</property>
    <property 
    name="java.endorsed.dirs" value="/Library/Java/JavaVirtualMachines/jdk1.8.0_91.jdk/Contents/Home/jre/lib/endorsed">
</property>
    <property name="os.arch" value="x86_64"> </property>
    <property 
    name="java.io.tmpdir" value="/var/folders/g0/d297ypm96r185xlgqndh02jr0000gn/T/">
</property>
    <property name="line.separator" value=" "> </property>
    <property name="java.vm.specification.vendor" value="Oracle Corporation">
    </property>
    <property name="os.name" value="Mac OS X"> </property>
    <property name="sun.jnu.encoding" value="UTF-8"> </property>
    <property 
    name="java.library.path" value="/Users/Taner/Library/Java/Extensions:/Library/Java/Extensions:/Network/Library/Java/Extensions:/System/Library/Java/Extensions:/usr/lib/java:.">
</property>
    <property 
    name="java.specification.name" value="Java Platform API Specification">
</property>
    <property name="java.class.version" value="52.0"> </property>
    <property 
    name="sun.management.compiler" value="HotSpot 64-Bit Tiered Compilers">
</property>
    <property name="os.version" value="10.10.5"> </property>
    <property 
    name="http.nonProxyHosts" value="local|*.local|169.254/16|*.169.254/16">
</property>
    <property name="user.home" value="/Users/Taner"> </property>
    <property name="user.timezone" value=""> </property>
    <property name="java.awt.printerjob" value="sun.lwawt.macosx.CPrinterJob">
    </property>
    <property name="file.encoding" value="UTF-8"> </property>
    <property name="java.specification.version" value="1.8"> </property>
    <property name="user.name" value="Taner"> </property>
    <property 
    name="java.class.path" value="/Users/Taner/Desktop/Unite/gnocchi/gnocchi-cli/target/test-classes:/Users/Taner/Desktop/Unite/gnocchi/gnocchi-cli/target/classes:/Users/Taner/Desktop/Unite/gnocchi/gnocchi-core/target/gnocchi-core-0.0.1-SNAPSHOT.jar:/Users/Taner/.m2/repository/org/apache/commons/commons-math3/3.6.1/commons-math3-3.6.1.jar:/Users/Taner/.m2/repository/org/bdgenomics/utils/utils-misc_2.10/0.2.8/utils-misc_2.10-0.2.8.jar:/Users/Taner/.m2/repository/org/apache/parquet/parquet-avro/1.7.0/parquet-avro-1.7.0.jar:/Users/Taner/.m2/repository/org/apache/parquet/parquet-column/1.7.0/parquet-column-1.7.0.jar:/Users/Taner/.m2/repository/org/apache/parquet/parquet-common/1.7.0/parquet-common-1.7.0.jar:/Users/Taner/.m2/repository/org/apache/parquet/parquet-encoding/1.7.0/parquet-encoding-1.7.0.jar:/Users/Taner/.m2/repository/org/apache/parquet/parquet-generator/1.7.0/parquet-generator-1.7.0.jar:/Users/Taner/.m2/repository/commons-codec/commons-codec/1.5/commons-codec-1.5.jar:/Users/Taner/.m2/repository/org/apache/parquet/parquet-hadoop/1.7.0/parquet-hadoop-1.7.0.jar:/Users/Taner/.m2/repository/org/apache/parquet/parquet-jackson/1.7.0/parquet-jackson-1.7.0.jar:/Users/Taner/.m2/repository/org/codehaus/jackson/jackson-mapper-asl/1.9.11/jackson-mapper-asl-1.9.11.jar:/Users/Taner/.m2/repository/org/codehaus/jackson/jackson-core-asl/1.9.11/jackson-core-asl-1.9.11.jar:/Users/Taner/.m2/repository/org/apache/parquet/parquet-format/2.3.0-incubating/parquet-format-2.3.0-incubating.jar:/Users/Taner/.m2/repository/org/apache/avro/avro/1.8.0/avro-1.8.0.jar:/Users/Taner/.m2/repository/com/thoughtworks/paranamer/paranamer/2.7/paranamer-2.7.jar:/Users/Taner/.m2/repository/org/apache/commons/commons-compress/1.8.1/commons-compress-1.8.1.jar:/Users/Taner/.m2/repository/org/tukaani/xz/1.5/xz-1.5.jar:/Users/Taner/.m2/repository/org/bdgenomics/utils/utils-misc_2.10/0.2.8/utils-misc_2.10-0.2.8-tests.jar:/Users/Taner/.m2/repository/org/scala-lang/scala-library/2.10.4/scala-library-2.10.4.jar:/Users/Taner/.m2/repository/org/bdgenomics/adam/adam-cli_2.10/0.19.0/adam-cli_2.10-0.19.0.jar:/Users/Taner/.m2/repository/org/apache/directory/studio/org.apache.commons.io/2.4/org.apache.commons.io-2.4.jar:/Users/Taner/.m2/repository/commons-io/commons-io/2.4/commons-io-2.4.jar:/Users/Taner/.m2/repository/args4j/args4j/2.0.23/args4j-2.0.23.jar:/Users/Taner/.m2/repository/org/bdgenomics/utils/utils-cli_2.10/0.2.8/utils-cli_2.10-0.2.8.jar:/Users/Taner/.m2/repository/org/bdgenomics/utils/utils-metrics_2.10/0.2.8/utils-metrics_2.10-0.2.8.jar:/Users/Taner/.m2/repository/org/apache/hadoop/hadoop-client/2.6.0/hadoop-client-2.6.0.jar:/Users/Taner/.m2/repository/org/apache/hadoop/hadoop-common/2.6.0/hadoop-common-2.6.0.jar:/Users/Taner/.m2/repository/commons-cli/commons-cli/1.2/commons-cli-1.2.jar:/Users/Taner/.m2/repository/xmlenc/xmlenc/0.52/xmlenc-0.52.jar:/Users/Taner/.m2/repository/commons-httpclient/commons-httpclient/3.1/commons-httpclient-3.1.jar:/Users/Taner/.m2/repository/commons-collections/commons-collections/3.2.1/commons-collections-3.2.1.jar:/Users/Taner/.m2/repository/commons-logging/commons-logging/1.1.3/commons-logging-1.1.3.jar:/Users/Taner/.m2/repository/commons-lang/commons-lang/2.6/commons-lang-2.6.jar:/Users/Taner/.m2/repository/commons-configuration/commons-configuration/1.6/commons-configuration-1.6.jar:/Users/Taner/.m2/repository/commons-digester/commons-digester/1.8/commons-digester-1.8.jar:/Users/Taner/.m2/repository/commons-beanutils/commons-beanutils/1.7.0/commons-beanutils-1.7.0.jar:/Users/Taner/.m2/repository/commons-beanutils/commons-beanutils-core/1.8.0/commons-beanutils-core-1.8.0.jar:/Users/Taner/.m2/repository/com/google/protobuf/protobuf-java/2.5.0/protobuf-java-2.5.0.jar:/Users/Taner/.m2/repository/com/google/code/gson/gson/2.2.4/gson-2.2.4.jar:/Users/Taner/.m2/repository/org/apache/hadoop/hadoop-auth/2.6.0/hadoop-auth-2.6.0.jar:/Users/Taner/.m2/repository/org/apache/directory/server/apacheds-kerberos-codec/2.0.0-M15/apacheds-kerberos-codec-2.0.0-M15.jar:/Users/Taner/.m2/repository/org/apache/directory/server/apacheds-i18n/2.0.0-M15/apacheds-i18n-2.0.0-M15.jar:/Users/Taner/.m2/repository/org/apache/directory/api/api-asn1-api/1.0.0-M20/api-asn1-api-1.0.0-M20.jar:/Users/Taner/.m2/repository/org/apache/directory/api/api-util/1.0.0-M20/api-util-1.0.0-M20.jar:/Users/Taner/.m2/repository/org/apache/curator/curator-client/2.6.0/curator-client-2.6.0.jar:/Users/Taner/.m2/repository/org/htrace/htrace-core/3.0.4/htrace-core-3.0.4.jar:/Users/Taner/.m2/repository/org/apache/zookeeper/zookeeper/3.4.6/zookeeper-3.4.6.jar:/Users/Taner/.m2/repository/org/apache/hadoop/hadoop-hdfs/2.6.0/hadoop-hdfs-2.6.0.jar:/Users/Taner/.m2/repository/org/mortbay/jetty/jetty-util/6.1.26/jetty-util-6.1.26.jar:/Users/Taner/.m2/repository/io/netty/netty/3.6.2.Final/netty-3.6.2.Final.jar:/Users/Taner/.m2/repository/xerces/xercesImpl/2.9.1/xercesImpl-2.9.1.jar:/Users/Taner/.m2/repository/xml-apis/xml-apis/1.3.04/xml-apis-1.3.04.jar:/Users/Taner/.m2/repository/org/apache/hadoop/hadoop-mapreduce-client-app/2.6.0/hadoop-mapreduce-client-app-2.6.0.jar:/Users/Taner/.m2/repository/org/apache/hadoop/hadoop-mapreduce-client-common/2.6.0/hadoop-mapreduce-client-common-2.6.0.jar:/Users/Taner/.m2/repository/org/apache/hadoop/hadoop-yarn-client/2.6.0/hadoop-yarn-client-2.6.0.jar:/Users/Taner/.m2/repository/org/apache/hadoop/hadoop-yarn-server-common/2.6.0/hadoop-yarn-server-common-2.6.0.jar:/Users/Taner/.m2/repository/org/apache/hadoop/hadoop-mapreduce-client-shuffle/2.6.0/hadoop-mapreduce-client-shuffle-2.6.0.jar:/Users/Taner/.m2/repository/org/apache/hadoop/hadoop-yarn-api/2.6.0/hadoop-yarn-api-2.6.0.jar:/Users/Taner/.m2/repository/org/apache/hadoop/hadoop-mapreduce-client-core/2.6.0/hadoop-mapreduce-client-core-2.6.0.jar:/Users/Taner/.m2/repository/org/apache/hadoop/hadoop-yarn-common/2.6.0/hadoop-yarn-common-2.6.0.jar:/Users/Taner/.m2/repository/javax/xml/bind/jaxb-api/2.2.2/jaxb-api-2.2.2.jar:/Users/Taner/.m2/repository/javax/xml/stream/stax-api/1.0-2/stax-api-1.0-2.jar:/Users/Taner/.m2/repository/javax/activation/activation/1.1/activation-1.1.jar:/Users/Taner/.m2/repository/com/sun/jersey/jersey-client/1.9/jersey-client-1.9.jar:/Users/Taner/.m2/repository/org/apache/hadoop/hadoop-mapreduce-client-jobclient/2.6.0/hadoop-mapreduce-client-jobclient-2.6.0.jar:/Users/Taner/.m2/repository/org/apache/hadoop/hadoop-annotations/2.6.0/hadoop-annotations-2.6.0.jar:/Users/Taner/.m2/repository/org/bdgenomics/adam/adam-core_2.10/0.19.0/adam-core_2.10-0.19.0.jar:/Users/Taner/.m2/repository/org/bdgenomics/utils/utils-io_2.10/0.2.4/utils-io_2.10-0.2.4.jar:/Users/Taner/.m2/repository/com/esotericsoftware/kryo/kryo/2.24.0/kryo-2.24.0.jar:/Users/Taner/.m2/repository/com/esotericsoftware/minlog/minlog/1.2/minlog-1.2.jar:/Users/Taner/.m2/repository/org/objenesis/objenesis/2.1/objenesis-2.1.jar:/Users/Taner/.m2/repository/org/scoverage/scalac-scoverage-plugin_2.10/1.1.1/scalac-scoverage-plugin_2.10-1.1.1.jar:/Users/Taner/.m2/repository/org/bdgenomics/bdg-formats/bdg-formats/0.7.0/bdg-formats-0.7.0.jar:/Users/Taner/.m2/repository/it/unimi/dsi/fastutil/6.6.5/fastutil-6.6.5.jar:/Users/Taner/.m2/repository/org/slf4j/slf4j-log4j12/1.7.12/slf4j-log4j12-1.7.12.jar:/Users/Taner/.m2/repository/org/apache/parquet/parquet-scala_2.10/1.8.1/parquet-scala_2.10-1.8.1.jar:/Users/Taner/.m2/repository/org/seqdoop/hadoop-bam/7.1.0/hadoop-bam-7.1.0.jar:/Users/Taner/.m2/repository/com/github/samtools/htsjdk/1.139/htsjdk-1.139.jar:/Users/Taner/.m2/repository/org/apache/commons/commons-jexl/2.1.1/commons-jexl-2.1.1.jar:/Users/Taner/.m2/repository/org/apache/ant/ant/1.8.2/ant-1.8.2.jar:/Users/Taner/.m2/repository/org/apache/ant/ant-launcher/1.8.2/ant-launcher-1.8.2.jar:/Users/Taner/.m2/repository/org/apache/httpcomponents/httpclient/4.5.1/httpclient-4.5.1.jar:/Users/Taner/.m2/repository/org/apache/httpcomponents/httpcore/4.4.3/httpcore-4.4.3.jar:/Users/Taner/.m2/repository/com/netflix/servo/servo-core/0.10.0/servo-core-0.10.0.jar:/Users/Taner/.m2/repository/com/google/code/findbugs/annotations/2.0.0/annotations-2.0.0.jar:/Users/Taner/.m2/repository/com/netflix/servo/servo-internal/0.10.0/servo-internal-0.10.0.jar:/Users/Taner/.m2/repository/com/google/guava/guava/16.0.1/guava-16.0.1.jar:/Users/Taner/.m2/repository/org/apache/spark/spark-core_2.10/1.6.2/spark-core_2.10-1.6.2.jar:/Users/Taner/.m2/repository/org/apache/avro/avro-mapred/1.7.7/avro-mapred-1.7.7-hadoop2.jar:/Users/Taner/.m2/repository/org/apache/avro/avro-ipc/1.7.7/avro-ipc-1.7.7.jar:/Users/Taner/.m2/repository/org/apache/avro/avro-ipc/1.7.7/avro-ipc-1.7.7-tests.jar:/Users/Taner/.m2/repository/com/twitter/chill_2.10/0.5.0/chill_2.10-0.5.0.jar:/Users/Taner/.m2/repository/com/twitter/chill-java/0.5.0/chill-java-0.5.0.jar:/Users/Taner/.m2/repository/org/apache/xbean/xbean-asm5-shaded/4.4/xbean-asm5-shaded-4.4.jar:/Users/Taner/.m2/repository/org/apache/spark/spark-launcher_2.10/1.6.2/spark-launcher_2.10-1.6.2.jar:/Users/Taner/.m2/repository/org/apache/spark/spark-network-common_2.10/1.6.2/spark-network-common_2.10-1.6.2.jar:/Users/Taner/.m2/repository/org/apache/spark/spark-network-shuffle_2.10/1.6.2/spark-network-shuffle_2.10-1.6.2.jar:/Users/Taner/.m2/repository/org/fusesource/leveldbjni/leveldbjni-all/1.8/leveldbjni-all-1.8.jar:/Users/Taner/.m2/repository/com/fasterxml/jackson/core/jackson-annotations/2.4.4/jackson-annotations-2.4.4.jar:/Users/Taner/.m2/repository/org/apache/spark/spark-unsafe_2.10/1.6.2/spark-unsafe_2.10-1.6.2.jar:/Users/Taner/.m2/repository/net/java/dev/jets3t/jets3t/0.7.1/jets3t-0.7.1.jar:/Users/Taner/.m2/repository/org/apache/curator/curator-recipes/2.4.0/curator-recipes-2.4.0.jar:/Users/Taner/.m2/repository/org/apache/curator/curator-framework/2.4.0/curator-framework-2.4.0.jar:/Users/Taner/.m2/repository/org/eclipse/jetty/orbit/javax.servlet/3.0.0.v201112011016/javax.servlet-3.0.0.v201112011016.jar:/Users/Taner/.m2/repository/org/apache/commons/commons-lang3/3.3.2/commons-lang3-3.3.2.jar:/Users/Taner/.m2/repository/com/google/code/findbugs/jsr305/1.3.9/jsr305-1.3.9.jar:/Users/Taner/.m2/repository/org/slf4j/slf4j-api/1.7.10/slf4j-api-1.7.10.jar:/Users/Taner/.m2/repository/org/slf4j/jul-to-slf4j/1.7.10/jul-to-slf4j-1.7.10.jar:/Users/Taner/.m2/repository/org/slf4j/jcl-over-slf4j/1.7.10/jcl-over-slf4j-1.7.10.jar:/Users/Taner/.m2/repository/log4j/log4j/1.2.17/log4j-1.2.17.jar:/Users/Taner/.m2/repository/com/ning/compress-lzf/1.0.3/compress-lzf-1.0.3.jar:/Users/Taner/.m2/repository/org/xerial/snappy/snappy-java/1.1.2.1/snappy-java-1.1.2.1.jar:/Users/Taner/.m2/repository/net/jpountz/lz4/lz4/1.3.0/lz4-1.3.0.jar:/Users/Taner/.m2/repository/org/roaringbitmap/RoaringBitmap/0.5.11/RoaringBitmap-0.5.11.jar:/Users/Taner/.m2/repository/commons-net/commons-net/2.2/commons-net-2.2.jar:/Users/Taner/.m2/repository/com/typesafe/akka/akka-remote_2.10/2.3.11/akka-remote_2.10-2.3.11.jar:/Users/Taner/.m2/repository/com/typesafe/akka/akka-actor_2.10/2.3.11/akka-actor_2.10-2.3.11.jar:/Users/Taner/.m2/repository/com/typesafe/config/1.2.1/config-1.2.1.jar:/Users/Taner/.m2/repository/org/uncommons/maths/uncommons-maths/1.2.2a/uncommons-maths-1.2.2a.jar:/Users/Taner/.m2/repository/com/typesafe/akka/akka-slf4j_2.10/2.3.11/akka-slf4j_2.10-2.3.11.jar:/Users/Taner/.m2/repository/org/json4s/json4s-jackson_2.10/3.2.10/json4s-jackson_2.10-3.2.10.jar:/Users/Taner/.m2/repository/org/json4s/json4s-core_2.10/3.2.10/json4s-core_2.10-3.2.10.jar:/Users/Taner/.m2/repository/org/json4s/json4s-ast_2.10/3.2.10/json4s-ast_2.10-3.2.10.jar:/Users/Taner/.m2/repository/org/scala-lang/scalap/2.10.0/scalap-2.10.0.jar:/Users/Taner/.m2/repository/org/scala-lang/scala-compiler/2.10.0/scala-compiler-2.10.0.jar:/Users/Taner/.m2/repository/com/sun/jersey/jersey-server/1.9/jersey-server-1.9.jar:/Users/Taner/.m2/repository/asm/asm/3.1/asm-3.1.jar:/Users/Taner/.m2/repository/com/sun/jersey/jersey-core/1.9/jersey-core-1.9.jar:/Users/Taner/.m2/repository/org/apache/mesos/mesos/0.21.1/mesos-0.21.1-shaded-protobuf.jar:/Users/Taner/.m2/repository/io/netty/netty-all/4.0.29.Final/netty-all-4.0.29.Final.jar:/Users/Taner/.m2/repository/com/clearspring/analytics/stream/2.7.0/stream-2.7.0.jar:/Users/Taner/.m2/repository/io/dropwizard/metrics/metrics-core/3.1.2/metrics-core-3.1.2.jar:/Users/Taner/.m2/repository/io/dropwizard/metrics/metrics-jvm/3.1.2/metrics-jvm-3.1.2.jar:/Users/Taner/.m2/repository/io/dropwizard/metrics/metrics-json/3.1.2/metrics-json-3.1.2.jar:/Users/Taner/.m2/repository/io/dropwizard/metrics/metrics-graphite/3.1.2/metrics-graphite-3.1.2.jar:/Users/Taner/.m2/repository/com/fasterxml/jackson/core/jackson-databind/2.4.4/jackson-databind-2.4.4.jar:/Users/Taner/.m2/repository/com/fasterxml/jackson/core/jackson-core/2.4.4/jackson-core-2.4.4.jar:/Users/Taner/.m2/repository/com/fasterxml/jackson/module/jackson-module-scala_2.10/2.4.4/jackson-module-scala_2.10-2.4.4.jar:/Users/Taner/.m2/repository/org/apache/ivy/ivy/2.4.0/ivy-2.4.0.jar:/Users/Taner/.m2/repository/oro/oro/2.0.8/oro-2.0.8.jar:/Users/Taner/.m2/repository/org/tachyonproject/tachyon-client/0.8.2/tachyon-client-0.8.2.jar:/Users/Taner/.m2/repository/org/tachyonproject/tachyon-underfs-hdfs/0.8.2/tachyon-underfs-hdfs-0.8.2.jar:/Users/Taner/.m2/repository/org/tachyonproject/tachyon-underfs-s3/0.8.2/tachyon-underfs-s3-0.8.2.jar:/Users/Taner/.m2/repository/org/tachyonproject/tachyon-underfs-local/0.8.2/tachyon-underfs-local-0.8.2.jar:/Users/Taner/.m2/repository/net/razorvine/pyrolite/4.9/pyrolite-4.9.jar:/Users/Taner/.m2/repository/net/sf/py4j/py4j/0.9/py4j-0.9.jar:/Users/Taner/.m2/repository/org/spark-project/spark/unused/1.0.0/unused-1.0.0.jar:/Users/Taner/.m2/repository/org/apache/spark/spark-sql_2.10/1.6.2/spark-sql_2.10-1.6.2.jar:/Users/Taner/.m2/repository/org/apache/spark/spark-catalyst_2.10/1.6.2/spark-catalyst_2.10-1.6.2.jar:/Users/Taner/.m2/repository/org/codehaus/janino/janino/2.7.8/janino-2.7.8.jar:/Users/Taner/.m2/repository/org/codehaus/janino/commons-compiler/2.7.8/commons-compiler-2.7.8.jar:/Users/Taner/.m2/repository/org/apache/spark/spark-mllib_2.10/1.6.2/spark-mllib_2.10-1.6.2.jar:/Users/Taner/.m2/repository/org/apache/spark/spark-streaming_2.10/1.6.2/spark-streaming_2.10-1.6.2.jar:/Users/Taner/.m2/repository/org/apache/spark/spark-graphx_2.10/1.6.2/spark-graphx_2.10-1.6.2.jar:/Users/Taner/.m2/repository/com/github/fommil/netlib/core/1.1.2/core-1.1.2.jar:/Users/Taner/.m2/repository/net/sourceforge/f2j/arpack_combined_all/0.1/arpack_combined_all-0.1.jar:/Users/Taner/.m2/repository/org/scalanlp/breeze_2.10/0.11.2/breeze_2.10-0.11.2.jar:/Users/Taner/.m2/repository/org/scalanlp/breeze-macros_2.10/0.11.2/breeze-macros_2.10-0.11.2.jar:/Users/Taner/.m2/repository/org/scalamacros/quasiquotes_2.10/2.0.0-M8/quasiquotes_2.10-2.0.0-M8.jar:/Users/Taner/.m2/repository/net/sf/opencsv/opencsv/2.3/opencsv-2.3.jar:/Users/Taner/.m2/repository/com/github/rwl/jtransforms/2.4.0/jtransforms-2.4.0.jar:/Users/Taner/.m2/repository/org/spire-math/spire_2.10/0.7.4/spire_2.10-0.7.4.jar:/Users/Taner/.m2/repository/org/spire-math/spire-macros_2.10/0.7.4/spire-macros_2.10-0.7.4.jar:/Users/Taner/.m2/repository/org/jpmml/pmml-model/1.1.15/pmml-model-1.1.15.jar:/Users/Taner/.m2/repository/org/jpmml/pmml-agent/1.1.15/pmml-agent-1.1.15.jar:/Users/Taner/.m2/repository/org/jpmml/pmml-schema/1.1.15/pmml-schema-1.1.15.jar:/Users/Taner/.m2/repository/com/sun/xml/bind/jaxb-impl/2.2.7/jaxb-impl-2.2.7.jar:/Users/Taner/.m2/repository/com/sun/xml/bind/jaxb-core/2.2.7/jaxb-core-2.2.7.jar:/Users/Taner/.m2/repository/org/scalatest/scalatest_2.10/2.2.2/scalatest_2.10-2.2.2.jar:/Users/Taner/.m2/repository/org/scala-lang/scala-reflect/2.10.4/scala-reflect-2.10.4.jar">
</property>
    <property name="java.vm.specification.version" value="1.8"> </property>
    <property name="sun.arch.data.model" value="64"> </property>
    <property 
    name="java.home" value="/Library/Java/JavaVirtualMachines/jdk1.8.0_91.jdk/Contents/Home/jre">
</property>
    <property 
    name="sun.java.command" value="org.scalatest.tools.Runner -R /Users/Taner/Desktop/Unite/gnocchi/gnocchi-cli/target/classes /Users/Taner/Desktop/Unite/gnocchi/gnocchi-cli/target/test-classes -o -f /Users/Taner/Desktop/Unite/gnocchi/gnocchi-cli/target/surefire-reports/GnocchiTestSuite.txt -u /Users/Taner/Desktop/Unite/gnocchi/gnocchi-cli/target/surefire-reports/.">
</property>
    <property name="java.specification.vendor" value="Oracle Corporation">
    </property>
    <property name="user.language" value="en"> </property>
    <property name="awt.toolkit" value="sun.lwawt.macosx.LWCToolkit">
    </property>
    <property name="java.vm.info" value="mixed mode"> </property>
    <property name="java.version" value="1.8.0_91"> </property>
    <property 
    name="java.ext.dirs" value="/Users/Taner/Library/Java/Extensions:/Library/Java/JavaVirtualMachines/jdk1.8.0_91.jdk/Contents/Home/jre/lib/ext:/Library/Java/Extensions:/Network/Library/Java/Extensions:/System/Library/Java/Extensions:/usr/lib/java">
</property>
    <property 
    name="sun.boot.class.path" value="/Library/Java/JavaVirtualMachines/jdk1.8.0_91.jdk/Contents/Home/jre/lib/resources.jar:/Library/Java/JavaVirtualMachines/jdk1.8.0_91.jdk/Contents/Home/jre/lib/rt.jar:/Library/Java/JavaVirtualMachines/jdk1.8.0_91.jdk/Contents/Home/jre/lib/sunrsasign.jar:/Library/Java/JavaVirtualMachines/jdk1.8.0_91.jdk/Contents/Home/jre/lib/jsse.jar:/Library/Java/JavaVirtualMachines/jdk1.8.0_91.jdk/Contents/Home/jre/lib/jce.jar:/Library/Java/JavaVirtualMachines/jdk1.8.0_91.jdk/Contents/Home/jre/lib/charsets.jar:/Library/Java/JavaVirtualMachines/jdk1.8.0_91.jdk/Contents/Home/jre/lib/jfr.jar:/Library/Java/JavaVirtualMachines/jdk1.8.0_91.jdk/Contents/Home/jre/classes">
</property>
    <property name="java.vendor" value="Oracle Corporation"> </property>
    <property name="file.separator" value="/"> </property>
    <property 
    name="java.vendor.url.bug" value="http://bugreport.sun.com/bugreport/">
</property>
    <property name="sun.io.serialization.extendedDebugInfo" value="true">
    </property>
    <property name="sun.cpu.endian" value="little"> </property>
    <property name="sun.io.unicode.encoding" value="UnicodeBig"> </property>
    <property 
    name="socksNonProxyHosts" value="local|*.local|169.254/16|*.169.254/16">
</property>
    <property 
    name="ftp.nonProxyHosts" value="local|*.local|169.254/16|*.169.254/16">
</property>
    <property name="sun.cpu.isalist" value=""> </property>
  </properties>
  <testcase 
  name="Test LoadPhenotypes: Read in a 2-line phenotype file; call with one of the covariate names same as pheno name" classname="net.fnothaft.gnocchi.cli.RegressPhenotypesSuite" time="6.333">
</testcase>
  <testcase 
  name="Test LoadPhenotypes: Read in a 2-line phenotype file; call with ADDDITIVE_LINEAR but with no phenoName" classname="net.fnothaft.gnocchi.cli.RegressPhenotypesSuite" time="10.584">
</testcase>
  <testcase 
  name="Test LoadPhenotypes: Read in a 2-line phenotype file; call with -covar but not -covarNames" classname="net.fnothaft.gnocchi.cli.RegressPhenotypesSuite" time="3.888">
</testcase>
  <testcase 
  name="Test loadGenotypes: output from vcf input" classname="net.fnothaft.gnocchi.cli.RegressPhenotypesSuite" time="3.538">
</testcase>
  <testcase 
  name="Test full pipeline: 1 snp, 10 samples, 1 phenotype, no covars" classname="net.fnothaft.gnocchi.cli.RegressPhenotypesSuite" time="4.033">
</testcase>
  <testcase 
  name="Test full pipeline: 1 snp, 10 samples, 12 samples in phenotype file (10 matches) 1 phenotype, no covar" classname="net.fnothaft.gnocchi.cli.RegressPhenotypesSuite" time="2.675">
</testcase>
  <testcase 
  name="Test full pipeline: 5 snps, 10 samples, 1 phenotype, 2 random noise covars" classname="net.fnothaft.gnocchi.cli.RegressPhenotypesSuite" time="2.483">
</testcase>
  <system-out><![CDATA[]]></system-out>
  <system-err><![CDATA[]]></system-err>
</testsuite>
